<?xml version="1.0" encoding="UTF-8"?>
<!-- Generated by org.testng.reporters.JUnitXMLReporter -->
<testsuite ignored="1" hostname="LTIN294257" failures="0" tests="1" name="GETCallTest" time="0.384" errors="0" timestamp="2023-09-26T08:13:10 IST">
  <testcase classname="com.RestAssuredTest.RestAssuredTest" name="getCallTest" time="0.38"/>
  <testcase classname="com.RestAssuredTest.RestAssuredTest" name="postCallTest" time="0.0">
    <ignored/>
  </testcase> <!-- postCallTest -->
</testsuite> <!-- GETCallTest -->
