<?xml version="1.0" encoding="UTF-8"?>
<!-- Generated by org.testng.reporters.JUnitXMLReporter -->
<testsuite ignored="1" hostname="LTIN294257" failures="0" tests="1" name="POST Call Test" time="2.779" errors="0" timestamp="2023-09-26T09:43:13 IST">
  <testcase classname="com.RestAssuredTest.RestAssuredTest" name="postCallTest" time="2.722"/>
  <testcase classname="com.RestAssuredTest.RestAssuredTest" name="getCallTest" time="0.0">
    <ignored/>
  </testcase> <!-- getCallTest -->
</testsuite> <!-- POST Call Test -->
