<?xml version="1.0" encoding="UTF-8"?>
<testng-results ignored="0" total="2" passed="2" failed="0" skipped="0">
  <reporter-output>
    <line>
      <![CDATA[Response: {"Msg":"successfully added","ID":"22346796988798"}]]>
    </line>
    <line>
      <![CDATA[Msg as successfully added validated successfully]]>
    </line>
    <line>
      <![CDATA[ID as 22346796988798 validated successfully]]>
    </line>
    <line>
      <![CDATA[Status code as 200 validated successfully]]>
    </line>
    <line>
      <![CDATA[Response: {"data":{"id":2,"email":"janet.weaver@reqres.in","first_name":"Janet","last_name":"Weaver","avatar":"https://reqres.in/img/faces/2-image.jpg"},"support":{"url":"https://reqres.in/#support-heading","text":"To keep ReqRes free, contributions towards server costs are appreciated!"}}]]>
    </line>
    <line>
      <![CDATA[First name as Janet validated successfully]]>
    </line>
    <line>
      <![CDATA[Last name as Weaver validated successfully]]>
    </line>
    <line>
      <![CDATA[Status code as 200 validated successfully]]>
    </line>
  </reporter-output>
  <suite started-at="2023-09-26T09:24:00 IST" name="Suite" finished-at="2023-09-26T09:24:02 IST" duration-ms="2373">
    <groups>
    </groups>
    <test started-at="2023-09-26T09:24:00 IST" name="POST Call Test" finished-at="2023-09-26T09:24:02 IST" duration-ms="1921">
      <class name="com.RestAssuredTest.RestAssuredTest">
        <test-method signature="postCallTest(java.lang.String,java.lang.String,java.lang.String,java.lang.String,java.lang.String,java.lang.String,int)[pri:0, instance:com.RestAssuredTest.RestAssuredTest@3e58a80e]" started-at="2023-09-26T09:24:00 IST" name="postCallTest" finished-at="2023-09-26T09:24:02 IST" duration-ms="1877" status="PASS">
          <params>
            <param index="0">
              <value>
                <![CDATA[http://216.10.245.166]]>
              </value>
            </param>
            <param index="1">
              <value>
                <![CDATA[/Library/Addbook.php]]>
              </value>
            </param>
            <param index="2">
              <value>
                <![CDATA[2234]]>
              </value>
            </param>
            <param index="3">
              <value>
                <![CDATA[6796988798]]>
              </value>
            </param>
            <param index="4">
              <value>
                <![CDATA[A]]>
              </value>
            </param>
            <param index="5">
              <value>
                <![CDATA[successfully added]]>
              </value>
            </param>
            <param index="6">
              <value>
                <![CDATA[200]]>
              </value>
            </param>
          </params>
          <reporter-output>
            <line>
              <![CDATA[Response: {"Msg":"successfully added","ID":"22346796988798"}]]>
            </line>
            <line>
              <![CDATA[Msg as successfully added validated successfully]]>
            </line>
            <line>
              <![CDATA[ID as 22346796988798 validated successfully]]>
            </line>
            <line>
              <![CDATA[Status code as 200 validated successfully]]>
            </line>
          </reporter-output>
        </test-method> <!-- postCallTest -->
      </class> <!-- com.RestAssuredTest.RestAssuredTest -->
    </test> <!-- POST Call Test -->
    <test started-at="2023-09-26T09:24:02 IST" name="GET Call Test" finished-at="2023-09-26T09:24:02 IST" duration-ms="400">
      <class name="com.RestAssuredTest.RestAssuredTest">
        <test-method signature="getCallTest(java.lang.String,java.lang.String,java.lang.String,java.lang.String,int)[pri:0, instance:com.RestAssuredTest.RestAssuredTest@4562e04d]" started-at="2023-09-26T09:24:02 IST" name="getCallTest" finished-at="2023-09-26T09:24:02 IST" duration-ms="397" status="PASS">
          <params>
            <param index="0">
              <value>
                <![CDATA[https://reqres.in]]>
              </value>
            </param>
            <param index="1">
              <value>
                <![CDATA[/api/users/2]]>
              </value>
            </param>
            <param index="2">
              <value>
                <![CDATA[Janet]]>
              </value>
            </param>
            <param index="3">
              <value>
                <![CDATA[Weaver]]>
              </value>
            </param>
            <param index="4">
              <value>
                <![CDATA[200]]>
              </value>
            </param>
          </params>
          <reporter-output>
            <line>
              <![CDATA[Response: {"data":{"id":2,"email":"janet.weaver@reqres.in","first_name":"Janet","last_name":"Weaver","avatar":"https://reqres.in/img/faces/2-image.jpg"},"support":{"url":"https://reqres.in/#support-heading","text":"To keep ReqRes free, contributions towards server costs are appreciated!"}}]]>
            </line>
            <line>
              <![CDATA[First name as Janet validated successfully]]>
            </line>
            <line>
              <![CDATA[Last name as Weaver validated successfully]]>
            </line>
            <line>
              <![CDATA[Status code as 200 validated successfully]]>
            </line>
          </reporter-output>
        </test-method> <!-- getCallTest -->
      </class> <!-- com.RestAssuredTest.RestAssuredTest -->
    </test> <!-- GET Call Test -->
  </suite> <!-- Suite -->
</testng-results>
