<?xml version="1.0" encoding="UTF-8"?>
<!-- Generated by org.testng.reporters.JUnitXMLReporter -->
<testsuite ignored="1" hostname="LTIN294257" failures="0" tests="1" name="POST Call Test" time="2.709" errors="0" timestamp="2023-09-26T09:48:28 IST">
  <testcase classname="com.RestAssuredTest.RestAssuredTest" name="postCallTest" time="2.664"/>
  <testcase classname="com.RestAssuredTest.RestAssuredTest" name="getCallTest" time="0.0">
    <ignored/>
  </testcase> <!-- getCallTest -->
</testsuite> <!-- POST Call Test -->
